Array
(
    [name] => biogesic
    [quantity] => 122
    [expiry_date] => 2024-12-10
)
Array
(
    [name] => biogesic12
    [quantity] => 30
    [expiry_date] => 2024-12-10
)
Array
(
    [name] => biogesic23
    [quantity] => 23
    [expiry_date] => 2024-12-10
    [user_id] => 1
)
Array
(
    [name] => biogesic23
    [quantity] => 23
    [expiry_date] => 2024-12-10
    [user_id] => 1
)
Array
(
    [name] => biogesic23
    [quantity] => 23
    [expiry_date] => 2024-12-10
    [user_id] => 1
)
Array
(
    [name] => biogesic23
    [quantity] => 23
    [expiry_date] => 2024-12-10
    [user_id] => 1
)
Array
(
    [name] => biogesic23
    [quantity] => 23
    [expiry_date] => 2024-12-10
    [user_id] => 1
)
Array
(
    [name] => biogesic23
    [quantity] => 23
    [expiry_date] => 2024-12-10
    [user_id] => 1
)
Array
(
    [name] => biogesic23
    [quantity] => 23
    [expiry_date] => 2024-12-10
    [user_id] => 1
)
Array
(
    [name] => biogesic23
    [quantity] => 23
    [expiry_date] => 2024-12-10
)
